2014-04-21 14:47:30,613 DEBUG S3 Server: LIST Server
2014-04-21 14:47:30,629 DEBUG S3 Server: CREATE Bucket 7eb
2014-04-21 14:47:30,655 DEBUG S3 Server: PUT Object 7eb/d0c98a596281043c80ffca133c185
2014-04-21 14:47:30,951 DEBUG S3 Server: LIST Server
2014-04-21 14:47:30,953 DEBUG S3 Server: CREATE Bucket 538
2014-04-21 14:47:30,991 DEBUG S3 Server: PUT Object 538/27c0b1cdc335ffa1fca48c12da62f
2014-04-21 14:47:31,029 DEBUG S3 Server: GET Object 7eb/d0c98a596281043c80ffca133c185
2014-04-21 14:47:31,037 DEBUG S3 Server: GET Object 7eb/d0c98a596281043c80ffca133c185
2014-04-21 14:47:31,040 DEBUG S3 Server: GET Object 7eb/d0c98a596281043c80ffca133c185
2014-04-21 14:47:31,043 DEBUG S3 Server: GET Object 7eb/d0c98a596281043c80ffca133c185
2014-04-21 14:47:31,071 DEBUG S3 Server: GET Object 7eb/d0c98a596281043c80ffca133c185
2014-04-21 14:47:31,073 DEBUG S3 Server: GET Object 7eb/d0c98a596281043c80ffca133c185
2014-04-21 14:47:31,076 DEBUG S3 Server: GET Object 7eb/d0c98a596281043c80ffca133c185
2014-04-21 14:47:31,078 DEBUG S3 Server: GET Object 7eb/d0c98a596281043c80ffca133c185
2014-04-21 14:47:31,090 DEBUG S3 Server: GET Object 7eb/d0c98a596281043c80ffca133c185
2014-04-21 14:47:31,092 DEBUG S3 Server: GET Object 7eb/d0c98a596281043c80ffca133c185
2014-04-21 14:47:31,096 DEBUG S3 Server: GET Object 7eb/d0c98a596281043c80ffca133c185
2014-04-21 14:47:31,098 DEBUG S3 Server: GET Object 7eb/d0c98a596281043c80ffca133c185
2014-04-21 14:47:31,117 DEBUG S3 Server: GET Object 7eb/d0c98a596281043c80ffca133c185
2014-04-21 14:47:31,122 DEBUG S3 Server: GET Object 7eb/d0c98a596281043c80ffca133c185
2014-04-21 14:47:31,124 DEBUG S3 Server: GET Object 7eb/d0c98a596281043c80ffca133c185
2014-04-21 14:47:31,132 DEBUG S3 Server: GET Object 7eb/d0c98a596281043c80ffca133c185
2014-04-21 14:47:31,159 DEBUG S3 Server: GET Object 7eb/d0c98a596281043c80ffca133c185
2014-04-21 14:47:31,161 DEBUG S3 Server: GET Object 7eb/d0c98a596281043c80ffca133c185
2014-04-21 14:47:31,164 DEBUG S3 Server: GET Object 7eb/d0c98a596281043c80ffca133c185
2014-04-21 14:47:31,168 DEBUG S3 Server: GET Object 7eb/d0c98a596281043c80ffca133c185
2014-04-21 14:47:31,624 DEBUG S3 Server: GET Object 7eb/d0c98a596281043c80ffca133c185
2014-04-21 14:47:31,628 DEBUG S3 Server: GET Object 7eb/d0c98a596281043c80ffca133c185
2014-04-21 14:47:31,637 DEBUG S3 Server: GET Object 7eb/d0c98a596281043c80ffca133c185
2014-04-21 14:47:31,643 DEBUG S3 Server: GET Object 7eb/d0c98a596281043c80ffca133c185
2014-04-21 14:48:34,156 DEBUG S3 Server: GET Object 7eb/d0c98a596281043c80ffca133c185
2014-04-21 14:48:34,174 DEBUG S3 Server: GET Object 7eb/d0c98a596281043c80ffca133c185
2014-04-21 14:48:34,179 DEBUG S3 Server: GET Object 7eb/d0c98a596281043c80ffca133c185
2014-04-21 14:48:34,184 DEBUG S3 Server: GET Object 7eb/d0c98a596281043c80ffca133c185
2014-04-21 14:48:34,197 DEBUG S3 Server: GET Object 7eb/d0c98a596281043c80ffca133c185
2014-04-21 14:48:34,203 DEBUG S3 Server: GET Object 7eb/d0c98a596281043c80ffca133c185
2014-04-21 14:48:34,208 DEBUG S3 Server: GET Object 7eb/d0c98a596281043c80ffca133c185
2014-04-21 14:48:34,217 DEBUG S3 Server: GET Object 7eb/d0c98a596281043c80ffca133c185
2014-04-21 14:48:34,223 DEBUG S3 Server: GET Object 7eb/d0c98a596281043c80ffca133c185
2014-04-21 14:48:34,228 DEBUG S3 Server: GET Object 7eb/d0c98a596281043c80ffca133c185
2014-04-21 14:48:34,235 DEBUG S3 Server: GET Object 7eb/d0c98a596281043c80ffca133c185
2014-04-21 14:48:34,240 DEBUG S3 Server: GET Object 7eb/d0c98a596281043c80ffca133c185
2014-04-21 14:48:34,251 DEBUG S3 Server: GET Object 7eb/d0c98a596281043c80ffca133c185
2014-04-21 14:48:34,257 DEBUG S3 Server: GET Object 7eb/d0c98a596281043c80ffca133c185
2014-04-21 14:48:34,264 DEBUG S3 Server: GET Object 7eb/d0c98a596281043c80ffca133c185
2014-04-21 14:48:34,267 DEBUG S3 Server: GET Object 7eb/d0c98a596281043c80ffca133c185
2014-04-21 14:48:34,269 DEBUG S3 Server: GET Object 538/27c0b1cdc335ffa1fca48c12da62f
2014-04-21 14:49:20,535 DEBUG S3 Server: GET Object 7eb/d0c98a596281043c80ffca133c185
2014-04-21 14:49:20,539 DEBUG S3 Server: GET Object 7eb/d0c98a596281043c80ffca133c185
2014-04-21 14:49:20,542 DEBUG S3 Server: GET Object 7eb/d0c98a596281043c80ffca133c185
2014-04-21 14:49:20,553 DEBUG S3 Server: GET Object 7eb/d0c98a596281043c80ffca133c185
2014-04-21 14:51:01,579 DEBUG S3 Server: LIST Server
2014-04-21 14:51:01,585 DEBUG S3 Server: CREATE Bucket f71
2014-04-21 14:51:01,623 DEBUG S3 Server: PUT Object f71/1e91f411eae1c506fccdff3c82c27
2014-04-21 14:51:01,720 DEBUG S3 Server: LIST Server
2014-04-21 14:51:01,724 DEBUG S3 Server: CREATE Bucket 80e
2014-04-21 14:51:01,766 DEBUG S3 Server: PUT Object 80e/3e3dcfae7a5131f174f854c06273e
2014-04-21 14:51:01,838 DEBUG S3 Server: LIST Server
2014-04-21 14:51:01,841 DEBUG S3 Server: CREATE Bucket a3d
2014-04-21 14:51:01,888 DEBUG S3 Server: PUT Object a3d/0fdb5b680a0d66f8a1fb98bc25cab
2014-04-21 14:51:02,031 DEBUG S3 Server: LIST Server
2014-04-21 14:51:02,032 DEBUG S3 Server: CREATE Bucket 7c7
2014-04-21 14:51:02,072 DEBUG S3 Server: PUT Object 7c7/5749f13a41f26c2ebb4ebe67b7968
2014-04-21 14:51:02,119 DEBUG S3 Server: LIST Server
2014-04-21 14:51:02,121 DEBUG S3 Server: CREATE Bucket 4bf
2014-04-21 14:51:02,159 DEBUG S3 Server: PUT Object 4bf/09a4df067b17b7906973d5c7b8ad5
2014-04-21 14:51:02,256 DEBUG S3 Server: LIST Server
2014-04-21 14:51:02,260 DEBUG S3 Server: CREATE Bucket 5d3
2014-04-21 14:51:02,299 DEBUG S3 Server: PUT Object 5d3/f5afd4c4205a209f3557e0fe3066a
2014-04-21 14:51:02,339 DEBUG S3 Server: LIST Server
2014-04-21 14:51:02,341 DEBUG S3 Server: CREATE Bucket 3ea
2014-04-21 14:51:02,379 DEBUG S3 Server: PUT Object 3ea/8960348f4cce71e8b16f7b024397f
2014-04-21 14:51:02,502 DEBUG S3 Server: LIST Server
2014-04-21 14:51:02,510 DEBUG S3 Server: CREATE Bucket a2e
2014-04-21 14:51:02,556 DEBUG S3 Server: PUT Object a2e/7a7207ce0e6068a3c449b65f35df0
2014-04-21 14:51:02,638 DEBUG S3 Server: LIST Server
2014-04-21 14:51:02,641 DEBUG S3 Server: CREATE Bucket 308
2014-04-21 14:51:02,684 DEBUG S3 Server: PUT Object 308/b1e01b0bceb8252581c588780b6da
2014-04-21 14:51:02,813 DEBUG S3 Server: LIST Server
2014-04-21 14:51:02,817 DEBUG S3 Server: CREATE Bucket 04e
2014-04-21 14:51:02,856 DEBUG S3 Server: PUT Object 04e/84e5593546fec164dd6ee9a075ff4
2014-04-21 14:51:02,893 DEBUG S3 Server: LIST Server
2014-04-21 14:51:02,900 DEBUG S3 Server: CREATE Bucket be0
2014-04-21 14:51:02,939 DEBUG S3 Server: PUT Object be0/ce40ad9e9b27a820b5fc33662caa0
2014-04-21 14:51:03,047 DEBUG S3 Server: LIST Server
2014-04-21 14:51:03,051 DEBUG S3 Server: CREATE Bucket 740
2014-04-21 14:51:03,091 DEBUG S3 Server: PUT Object 740/1c897dc811d67c235b3d9b6c61551
2014-04-21 14:51:03,265 DEBUG S3 Server: LIST Server
2014-04-21 14:51:03,270 DEBUG S3 Server: CREATE Bucket e4b
2014-04-21 14:51:03,311 DEBUG S3 Server: PUT Object e4b/68b5db2dc0f6e83263881b559d7fc
2014-04-21 14:51:03,446 DEBUG S3 Server: LIST Server
2014-04-21 14:51:03,450 DEBUG S3 Server: CREATE Bucket a24
2014-04-21 14:51:03,491 DEBUG S3 Server: PUT Object a24/89fd4a36d30c58c1877a396a19a3c
2014-04-21 14:51:48,711 DEBUG S3 Server: GET Object e4b/68b5db2dc0f6e83263881b559d7fc
2014-04-21 14:51:48,725 DEBUG S3 Server: GET Object e4b/68b5db2dc0f6e83263881b559d7fc
2014-04-21 14:51:48,737 DEBUG S3 Server: GET Object e4b/68b5db2dc0f6e83263881b559d7fc
2014-04-21 14:51:48,742 DEBUG S3 Server: GET Object e4b/68b5db2dc0f6e83263881b559d7fc
2014-04-21 14:51:48,752 DEBUG S3 Server: GET Object e4b/68b5db2dc0f6e83263881b559d7fc
2014-04-21 14:51:48,757 DEBUG S3 Server: GET Object e4b/68b5db2dc0f6e83263881b559d7fc
2014-04-21 14:51:48,760 DEBUG S3 Server: GET Object e4b/68b5db2dc0f6e83263881b559d7fc
2014-04-21 14:51:48,763 DEBUG S3 Server: GET Object e4b/68b5db2dc0f6e83263881b559d7fc
2014-04-21 14:51:48,766 DEBUG S3 Server: GET Object e4b/68b5db2dc0f6e83263881b559d7fc
2014-04-21 14:51:48,769 DEBUG S3 Server: GET Object e4b/68b5db2dc0f6e83263881b559d7fc
2014-04-21 14:51:48,771 DEBUG S3 Server: GET Object e4b/68b5db2dc0f6e83263881b559d7fc
2014-04-21 14:51:48,774 DEBUG S3 Server: GET Object e4b/68b5db2dc0f6e83263881b559d7fc
2014-04-21 14:51:48,777 DEBUG S3 Server: GET Object e4b/68b5db2dc0f6e83263881b559d7fc
2014-04-21 14:51:48,781 DEBUG S3 Server: GET Object e4b/68b5db2dc0f6e83263881b559d7fc
2014-04-21 14:51:48,783 DEBUG S3 Server: GET Object e4b/68b5db2dc0f6e83263881b559d7fc
2014-04-21 14:51:48,784 DEBUG S3 Server: GET Object e4b/68b5db2dc0f6e83263881b559d7fc
2014-04-21 14:51:48,787 DEBUG S3 Server: GET Object a24/89fd4a36d30c58c1877a396a19a3c
2014-04-21 14:54:20,805 DEBUG S3 Server: LIST Server
2014-04-21 14:54:20,831 DEBUG S3 Server: CREATE Bucket f71
2014-04-21 14:54:20,878 DEBUG S3 Server: PUT Object f71/1e91f411eae1c506fccdff3c82c27
2014-04-21 14:54:20,996 DEBUG S3 Server: LIST Server
2014-04-21 14:54:21,000 DEBUG S3 Server: CREATE Bucket 80e
2014-04-21 14:54:21,042 DEBUG S3 Server: PUT Object 80e/3e3dcfae7a5131f174f854c06273e
2014-04-21 14:54:21,081 DEBUG S3 Server: LIST Server
2014-04-21 14:54:21,083 DEBUG S3 Server: CREATE Bucket a3d
2014-04-21 14:54:21,125 DEBUG S3 Server: PUT Object a3d/0fdb5b680a0d66f8a1fb98bc25cab
2014-04-21 14:54:21,231 DEBUG S3 Server: LIST Server
2014-04-21 14:54:21,233 DEBUG S3 Server: CREATE Bucket 7c7
2014-04-21 14:54:21,280 DEBUG S3 Server: PUT Object 7c7/5749f13a41f26c2ebb4ebe67b7968
2014-04-21 14:54:21,362 DEBUG S3 Server: LIST Server
2014-04-21 14:54:21,365 DEBUG S3 Server: CREATE Bucket 4bf
2014-04-21 14:54:21,414 DEBUG S3 Server: PUT Object 4bf/09a4df067b17b7906973d5c7b8ad5
2014-04-21 14:54:21,571 DEBUG S3 Server: LIST Server
2014-04-21 14:54:21,574 DEBUG S3 Server: CREATE Bucket 5d3
2014-04-21 14:54:21,616 DEBUG S3 Server: PUT Object 5d3/f5afd4c4205a209f3557e0fe3066a
2014-04-21 14:54:21,658 DEBUG S3 Server: LIST Server
2014-04-21 14:54:21,662 DEBUG S3 Server: CREATE Bucket 3ea
2014-04-21 14:54:21,705 DEBUG S3 Server: PUT Object 3ea/8960348f4cce71e8b16f7b024397f
2014-04-21 14:54:21,805 DEBUG S3 Server: LIST Server
2014-04-21 14:54:21,808 DEBUG S3 Server: CREATE Bucket a2e
2014-04-21 14:54:21,848 DEBUG S3 Server: PUT Object a2e/7a7207ce0e6068a3c449b65f35df0
2014-04-21 14:54:21,906 DEBUG S3 Server: LIST Server
2014-04-21 14:54:21,908 DEBUG S3 Server: CREATE Bucket 308
2014-04-21 14:54:21,951 DEBUG S3 Server: PUT Object 308/b1e01b0bceb8252581c588780b6da
2014-04-21 14:54:22,079 DEBUG S3 Server: LIST Server
2014-04-21 14:54:22,085 DEBUG S3 Server: CREATE Bucket 04e
2014-04-21 14:54:22,127 DEBUG S3 Server: PUT Object 04e/84e5593546fec164dd6ee9a075ff4
2014-04-21 14:54:22,158 DEBUG S3 Server: LIST Server
2014-04-21 14:54:22,170 DEBUG S3 Server: CREATE Bucket be0
2014-04-21 14:54:22,213 DEBUG S3 Server: PUT Object be0/ce40ad9e9b27a820b5fc33662caa0
2014-04-21 14:54:22,312 DEBUG S3 Server: LIST Server
2014-04-21 14:54:22,316 DEBUG S3 Server: CREATE Bucket 740
2014-04-21 14:54:22,366 DEBUG S3 Server: PUT Object 740/1c897dc811d67c235b3d9b6c61551
2014-04-21 14:54:22,429 DEBUG S3 Server: LIST Server
2014-04-21 14:54:22,432 DEBUG S3 Server: CREATE Bucket 7eb
2014-04-21 14:54:22,473 DEBUG S3 Server: PUT Object 7eb/d0c98a596281043c80ffca133c185
2014-04-21 14:54:22,569 DEBUG S3 Server: LIST Server
2014-04-21 14:54:22,573 DEBUG S3 Server: CREATE Bucket 538
2014-04-21 14:54:22,616 DEBUG S3 Server: PUT Object 538/27c0b1cdc335ffa1fca48c12da62f
2014-04-21 14:54:22,676 DEBUG S3 Server: LIST Server
2014-04-21 14:54:22,683 DEBUG S3 Server: CREATE Bucket e4b
2014-04-21 14:54:22,734 DEBUG S3 Server: PUT Object e4b/68b5db2dc0f6e83263881b559d7fc
2014-04-21 14:54:22,836 DEBUG S3 Server: LIST Server
2014-04-21 14:54:22,840 DEBUG S3 Server: CREATE Bucket a24
2014-04-21 14:54:22,880 DEBUG S3 Server: PUT Object a24/89fd4a36d30c58c1877a396a19a3c
2014-04-21 14:54:34,775 DEBUG S3 Server: GET Object e4b/68b5db2dc0f6e83263881b559d7fc
2014-04-21 14:54:34,781 DEBUG S3 Server: GET Object e4b/68b5db2dc0f6e83263881b559d7fc
2014-04-21 14:54:50,299 DEBUG S3 Server: GET Object e4b/68b5db2dc0f6e83263881b559d7fc
2014-04-21 14:54:50,303 DEBUG S3 Server: GET Object e4b/68b5db2dc0f6e83263881b559d7fc
2014-04-21 14:55:14,854 DEBUG S3 Server: GET Object e4b/68b5db2dc0f6e83263881b559d7fc
2014-04-21 14:55:14,865 DEBUG S3 Server: GET Object e4b/68b5db2dc0f6e83263881b559d7fc
2014-04-21 14:57:00,907 DEBUG S3 Server: GET Object e4b/68b5db2dc0f6e83263881b559d7fc
2014-04-21 14:57:00,927 DEBUG S3 Server: GET Object e4b/68b5db2dc0f6e83263881b559d7fc
2014-04-21 15:08:03,422 DEBUG S3 Server: LIST Server
2014-04-21 15:08:03,432 DEBUG S3 Server: CREATE Bucket e4b
2014-04-21 15:08:03,475 DEBUG S3 Server: PUT Object e4b/68b5db2dc0f6e83263881b559d7fc
2014-04-21 15:08:03,677 DEBUG S3 Server: LIST Server
2014-04-21 15:08:03,680 DEBUG S3 Server: CREATE Bucket a24
2014-04-21 15:08:03,720 DEBUG S3 Server: PUT Object a24/89fd4a36d30c58c1877a396a19a3c
2014-04-21 15:30:29,610 DEBUG S3 Server: LIST Server
2014-04-21 15:30:29,627 DEBUG S3 Server: CREATE Bucket e4b
2014-04-21 15:30:29,683 DEBUG S3 Server: PUT Object e4b/68b5db2dc0f6e83263881b559d7fc
2014-04-21 15:30:30,046 DEBUG S3 Server: LIST Server
2014-04-21 15:30:30,048 DEBUG S3 Server: CREATE Bucket a24
2014-04-21 15:30:30,088 DEBUG S3 Server: PUT Object a24/89fd4a36d30c58c1877a396a19a3c
2014-04-21 15:35:28,755 DEBUG S3 Server: LIST Server
2014-04-21 15:35:28,766 DEBUG S3 Server: PUT Object e4b/68b5db2dc0f6e83263881b559d7fc
2014-04-21 15:35:28,971 DEBUG S3 Server: LIST Server
2014-04-21 15:35:28,992 DEBUG S3 Server: PUT Object a24/89fd4a36d30c58c1877a396a19a3c
2014-04-21 15:43:17,783 DEBUG S3 Server: LIST Server
2014-04-21 15:43:17,804 DEBUG S3 Server: PUT Object e4b/68b5db2dc0f6e83263881b559d7fc
2014-04-21 15:43:18,197 DEBUG S3 Server: LIST Server
2014-04-21 15:43:18,204 DEBUG S3 Server: PUT Object a24/89fd4a36d30c58c1877a396a19a3c
2014-04-21 15:50:39,049 DEBUG S3 Server: GET Object e4b/68b5db2dc0f6e83263881b559d7fc
2014-04-21 15:56:09,604 DEBUG S3 Server: LIST Server
2014-04-21 15:56:09,608 DEBUG S3 Server: CREATE Bucket e4b
2014-04-21 15:56:09,657 DEBUG S3 Server: PUT Object e4b/68b5db2dc0f6e83263881b559d7fc
2014-04-21 15:56:09,847 DEBUG S3 Server: LIST Server
2014-04-21 15:56:09,854 DEBUG S3 Server: CREATE Bucket a24
2014-04-21 15:56:09,899 DEBUG S3 Server: PUT Object a24/89fd4a36d30c58c1877a396a19a3c
2014-04-21 15:56:17,777 DEBUG S3 Server: GET Object e4b/68b5db2dc0f6e83263881b559d7fc
2014-04-21 15:56:17,784 DEBUG S3 Server: GET Object e4b/68b5db2dc0f6e83263881b559d7fc
2014-04-21 15:56:17,796 DEBUG S3 Server: GET Object e4b/68b5db2dc0f6e83263881b559d7fc
2014-04-21 15:56:17,801 DEBUG S3 Server: GET Object e4b/68b5db2dc0f6e83263881b559d7fc
2014-04-21 15:58:44,869 DEBUG S3 Server: GET Object e4b/68b5db2dc0f6e83263881b559d7fc
2014-04-21 15:59:09,144 DEBUG S3 Server: GET Object e4b/68b5db2dc0f6e83263881b559d7fc
2014-04-21 15:59:09,158 DEBUG S3 Server: GET Object e4b/68b5db2dc0f6e83263881b559d7fc
2014-04-21 15:59:09,174 DEBUG S3 Server: GET Object e4b/68b5db2dc0f6e83263881b559d7fc
2014-04-21 15:59:09,196 DEBUG S3 Server: GET Object e4b/68b5db2dc0f6e83263881b559d7fc
2014-04-21 15:59:09,208 DEBUG S3 Server: GET Object e4b/68b5db2dc0f6e83263881b559d7fc
2014-04-21 15:59:09,225 DEBUG S3 Server: GET Object e4b/68b5db2dc0f6e83263881b559d7fc
2014-04-21 15:59:09,249 DEBUG S3 Server: GET Object e4b/68b5db2dc0f6e83263881b559d7fc
2014-04-21 15:59:11,628 DEBUG S3 Server: GET Object e4b/68b5db2dc0f6e83263881b559d7fc
2014-04-21 15:59:11,652 DEBUG S3 Server: GET Object e4b/68b5db2dc0f6e83263881b559d7fc
2014-04-21 15:59:11,660 DEBUG S3 Server: GET Object e4b/68b5db2dc0f6e83263881b559d7fc
2014-04-21 15:59:11,677 DEBUG S3 Server: GET Object e4b/68b5db2dc0f6e83263881b559d7fc
2014-04-21 15:59:11,691 DEBUG S3 Server: GET Object a24/89fd4a36d30c58c1877a396a19a3c
2014-04-21 16:00:04,031 DEBUG S3 Server: DELETE Object e4b/68b5db2dc0f6e83263881b559d7fc
2014-04-21 16:00:04,037 DEBUG S3 Server: DELETE Object a24/89fd4a36d30c58c1877a396a19a3c
2014-04-21 18:17:34,746 DEBUG S3 Server: LIST Server
2014-04-21 18:17:34,754 DEBUG S3 Server: CREATE Bucket e4b
2014-04-21 18:17:34,791 DEBUG S3 Server: PUT Object e4b/68b5db2dc0f6e83263881b559d7fc
2014-04-21 18:17:34,825 DEBUG S3 Server: LIST Server
2014-04-21 18:17:34,827 DEBUG S3 Server: CREATE Bucket a24
2014-04-21 18:17:34,866 DEBUG S3 Server: PUT Object a24/89fd4a36d30c58c1877a396a19a3c
2014-04-21 18:17:34,884 DEBUG S3 Server: GET Object e4b/68b5db2dc0f6e83263881b559d7fc
2014-04-21 18:17:34,911 DEBUG S3 Server: GET Object e4b/68b5db2dc0f6e83263881b559d7fc
2014-04-21 18:17:34,913 DEBUG S3 Server: GET Object e4b/68b5db2dc0f6e83263881b559d7fc
2014-04-21 18:17:34,927 DEBUG S3 Server: GET Object e4b/68b5db2dc0f6e83263881b559d7fc
2014-04-21 18:17:34,945 DEBUG S3 Server: GET Object e4b/68b5db2dc0f6e83263881b559d7fc
2014-04-21 18:17:34,949 DEBUG S3 Server: GET Object e4b/68b5db2dc0f6e83263881b559d7fc
2014-04-21 18:17:34,953 DEBUG S3 Server: GET Object e4b/68b5db2dc0f6e83263881b559d7fc
2014-04-21 18:17:34,958 DEBUG S3 Server: GET Object e4b/68b5db2dc0f6e83263881b559d7fc
2014-04-21 18:17:34,967 DEBUG S3 Server: GET Object e4b/68b5db2dc0f6e83263881b559d7fc
2014-04-21 18:17:34,973 DEBUG S3 Server: GET Object e4b/68b5db2dc0f6e83263881b559d7fc
2014-04-21 18:17:34,975 DEBUG S3 Server: GET Object e4b/68b5db2dc0f6e83263881b559d7fc
2014-04-21 18:17:34,978 DEBUG S3 Server: GET Object e4b/68b5db2dc0f6e83263881b559d7fc
2014-04-21 18:17:34,990 DEBUG S3 Server: GET Object e4b/68b5db2dc0f6e83263881b559d7fc
2014-04-21 18:17:34,993 DEBUG S3 Server: GET Object e4b/68b5db2dc0f6e83263881b559d7fc
2014-04-21 18:17:35,000 DEBUG S3 Server: GET Object e4b/68b5db2dc0f6e83263881b559d7fc
2014-04-21 18:17:35,011 DEBUG S3 Server: GET Object e4b/68b5db2dc0f6e83263881b559d7fc
2014-04-21 18:17:35,021 DEBUG S3 Server: GET Object e4b/68b5db2dc0f6e83263881b559d7fc
2014-04-21 18:17:35,026 DEBUG S3 Server: GET Object e4b/68b5db2dc0f6e83263881b559d7fc
2014-04-21 18:17:35,027 DEBUG S3 Server: GET Object e4b/68b5db2dc0f6e83263881b559d7fc
2014-04-21 18:17:35,030 DEBUG S3 Server: GET Object e4b/68b5db2dc0f6e83263881b559d7fc
2014-04-21 18:17:35,048 DEBUG S3 Server: GET Object e4b/68b5db2dc0f6e83263881b559d7fc
2014-04-21 18:17:35,050 DEBUG S3 Server: GET Object e4b/68b5db2dc0f6e83263881b559d7fc
2014-04-21 18:17:35,053 DEBUG S3 Server: GET Object e4b/68b5db2dc0f6e83263881b559d7fc
2014-04-21 18:17:35,057 DEBUG S3 Server: GET Object e4b/68b5db2dc0f6e83263881b559d7fc
2014-04-21 18:17:35,745 DEBUG S3 Server: GET Object e4b/68b5db2dc0f6e83263881b559d7fc
2014-04-21 18:17:35,747 DEBUG S3 Server: GET Object e4b/68b5db2dc0f6e83263881b559d7fc
2014-04-21 18:17:35,750 DEBUG S3 Server: GET Object e4b/68b5db2dc0f6e83263881b559d7fc
2014-04-21 18:17:35,760 DEBUG S3 Server: GET Object e4b/68b5db2dc0f6e83263881b559d7fc
2014-04-21 18:17:35,774 DEBUG S3 Server: GET Object e4b/68b5db2dc0f6e83263881b559d7fc
2014-04-21 18:17:35,776 DEBUG S3 Server: GET Object e4b/68b5db2dc0f6e83263881b559d7fc
2014-04-21 18:17:35,778 DEBUG S3 Server: GET Object e4b/68b5db2dc0f6e83263881b559d7fc
2014-04-21 18:17:35,786 DEBUG S3 Server: GET Object e4b/68b5db2dc0f6e83263881b559d7fc
2014-04-21 18:17:41,935 DEBUG S3 Server: GET Object e4b/68b5db2dc0f6e83263881b559d7fc
2014-04-21 18:17:41,944 DEBUG S3 Server: GET Object e4b/68b5db2dc0f6e83263881b559d7fc
2014-04-21 18:17:41,946 DEBUG S3 Server: GET Object e4b/68b5db2dc0f6e83263881b559d7fc
2014-04-21 18:17:41,961 DEBUG S3 Server: GET Object e4b/68b5db2dc0f6e83263881b559d7fc
2014-04-21 18:17:42,111 DEBUG S3 Server: GET Object e4b/68b5db2dc0f6e83263881b559d7fc
2014-04-21 18:17:42,113 DEBUG S3 Server: GET Object e4b/68b5db2dc0f6e83263881b559d7fc
2014-04-21 18:17:42,115 DEBUG S3 Server: GET Object e4b/68b5db2dc0f6e83263881b559d7fc
2014-04-21 18:17:42,118 DEBUG S3 Server: GET Object e4b/68b5db2dc0f6e83263881b559d7fc
2014-04-21 18:17:45,485 DEBUG S3 Server: GET Object e4b/68b5db2dc0f6e83263881b559d7fc
2014-04-21 18:17:45,487 DEBUG S3 Server: GET Object e4b/68b5db2dc0f6e83263881b559d7fc
2014-04-21 18:17:45,490 DEBUG S3 Server: GET Object e4b/68b5db2dc0f6e83263881b559d7fc
2014-04-21 18:17:45,527 DEBUG S3 Server: GET Object e4b/68b5db2dc0f6e83263881b559d7fc
2014-04-21 18:17:45,556 DEBUG S3 Server: GET Object e4b/68b5db2dc0f6e83263881b559d7fc
2014-04-21 18:17:45,558 DEBUG S3 Server: GET Object e4b/68b5db2dc0f6e83263881b559d7fc
2014-04-21 18:17:45,566 DEBUG S3 Server: GET Object e4b/68b5db2dc0f6e83263881b559d7fc
2014-04-21 18:17:45,570 DEBUG S3 Server: GET Object e4b/68b5db2dc0f6e83263881b559d7fc
2014-04-21 18:17:45,575 DEBUG S3 Server: GET Object e4b/68b5db2dc0f6e83263881b559d7fc
2014-04-21 18:17:45,577 DEBUG S3 Server: GET Object e4b/68b5db2dc0f6e83263881b559d7fc
2014-04-21 18:17:45,579 DEBUG S3 Server: GET Object e4b/68b5db2dc0f6e83263881b559d7fc
2014-04-21 18:17:45,581 DEBUG S3 Server: GET Object e4b/68b5db2dc0f6e83263881b559d7fc
2014-04-21 18:17:45,592 DEBUG S3 Server: GET Object e4b/68b5db2dc0f6e83263881b559d7fc
2014-04-21 18:17:45,594 DEBUG S3 Server: GET Object e4b/68b5db2dc0f6e83263881b559d7fc
2014-04-21 18:17:45,597 DEBUG S3 Server: GET Object e4b/68b5db2dc0f6e83263881b559d7fc
2014-04-21 18:17:45,599 DEBUG S3 Server: GET Object e4b/68b5db2dc0f6e83263881b559d7fc
2014-04-21 18:17:45,609 DEBUG S3 Server: GET Object e4b/68b5db2dc0f6e83263881b559d7fc
2014-04-21 18:17:45,611 DEBUG S3 Server: GET Object e4b/68b5db2dc0f6e83263881b559d7fc
2014-04-21 18:17:45,614 DEBUG S3 Server: GET Object e4b/68b5db2dc0f6e83263881b559d7fc
2014-04-21 18:17:45,621 DEBUG S3 Server: GET Object e4b/68b5db2dc0f6e83263881b559d7fc
2014-04-21 18:17:45,644 DEBUG S3 Server: GET Object e4b/68b5db2dc0f6e83263881b559d7fc
2014-04-21 18:17:45,646 DEBUG S3 Server: GET Object e4b/68b5db2dc0f6e83263881b559d7fc
2014-04-21 18:17:45,649 DEBUG S3 Server: GET Object e4b/68b5db2dc0f6e83263881b559d7fc
2014-04-21 18:17:45,651 DEBUG S3 Server: GET Object e4b/68b5db2dc0f6e83263881b559d7fc
2014-04-21 18:17:46,441 DEBUG S3 Server: GET Object e4b/68b5db2dc0f6e83263881b559d7fc
2014-04-21 18:17:46,456 DEBUG S3 Server: GET Object e4b/68b5db2dc0f6e83263881b559d7fc
2014-04-21 18:17:46,463 DEBUG S3 Server: GET Object e4b/68b5db2dc0f6e83263881b559d7fc
2014-04-21 18:17:46,466 DEBUG S3 Server: GET Object e4b/68b5db2dc0f6e83263881b559d7fc
2014-04-21 18:17:46,485 DEBUG S3 Server: GET Object e4b/68b5db2dc0f6e83263881b559d7fc
2014-04-21 18:17:46,487 DEBUG S3 Server: GET Object e4b/68b5db2dc0f6e83263881b559d7fc
2014-04-21 18:17:46,493 DEBUG S3 Server: GET Object e4b/68b5db2dc0f6e83263881b559d7fc
2014-04-21 18:17:46,499 DEBUG S3 Server: GET Object e4b/68b5db2dc0f6e83263881b559d7fc
2014-04-21 18:18:27,437 DEBUG S3 Server: GET Object e4b/68b5db2dc0f6e83263881b559d7fc
2014-04-21 18:18:27,440 DEBUG S3 Server: GET Object e4b/68b5db2dc0f6e83263881b559d7fc
2014-04-21 18:18:27,447 DEBUG S3 Server: GET Object e4b/68b5db2dc0f6e83263881b559d7fc
2014-04-21 18:18:27,452 DEBUG S3 Server: GET Object e4b/68b5db2dc0f6e83263881b559d7fc
2014-04-21 18:18:27,475 DEBUG S3 Server: GET Object e4b/68b5db2dc0f6e83263881b559d7fc
2014-04-21 18:18:27,477 DEBUG S3 Server: GET Object e4b/68b5db2dc0f6e83263881b559d7fc
2014-04-21 18:18:27,479 DEBUG S3 Server: GET Object e4b/68b5db2dc0f6e83263881b559d7fc
2014-04-21 18:18:27,486 DEBUG S3 Server: GET Object e4b/68b5db2dc0f6e83263881b559d7fc
2014-04-21 18:18:27,626 DEBUG S3 Server: GET Object e4b/68b5db2dc0f6e83263881b559d7fc
2014-04-21 18:18:27,631 DEBUG S3 Server: GET Object e4b/68b5db2dc0f6e83263881b559d7fc
2014-04-21 18:18:27,634 DEBUG S3 Server: GET Object e4b/68b5db2dc0f6e83263881b559d7fc
2014-04-21 18:18:27,641 DEBUG S3 Server: GET Object e4b/68b5db2dc0f6e83263881b559d7fc
2014-04-21 18:18:27,657 DEBUG S3 Server: GET Object e4b/68b5db2dc0f6e83263881b559d7fc
2014-04-21 18:18:27,659 DEBUG S3 Server: GET Object e4b/68b5db2dc0f6e83263881b559d7fc
2014-04-21 18:18:27,662 DEBUG S3 Server: GET Object e4b/68b5db2dc0f6e83263881b559d7fc
2014-04-21 18:18:27,667 DEBUG S3 Server: GET Object e4b/68b5db2dc0f6e83263881b559d7fc
2014-04-21 18:19:21,539 DEBUG S3 Server: GET Object e4b/68b5db2dc0f6e83263881b559d7fc
2014-04-21 18:19:21,543 DEBUG S3 Server: GET Object e4b/68b5db2dc0f6e83263881b559d7fc
2014-04-21 18:19:21,548 DEBUG S3 Server: GET Object e4b/68b5db2dc0f6e83263881b559d7fc
2014-04-21 18:19:21,550 DEBUG S3 Server: GET Object e4b/68b5db2dc0f6e83263881b559d7fc
2014-04-21 18:19:21,560 DEBUG S3 Server: GET Object e4b/68b5db2dc0f6e83263881b559d7fc
2014-04-21 18:19:21,563 DEBUG S3 Server: GET Object e4b/68b5db2dc0f6e83263881b559d7fc
2014-04-21 18:19:21,565 DEBUG S3 Server: GET Object e4b/68b5db2dc0f6e83263881b559d7fc
2014-04-21 18:19:21,568 DEBUG S3 Server: GET Object e4b/68b5db2dc0f6e83263881b559d7fc
2014-04-21 18:19:21,570 DEBUG S3 Server: GET Object e4b/68b5db2dc0f6e83263881b559d7fc
2014-04-21 18:19:21,579 DEBUG S3 Server: GET Object e4b/68b5db2dc0f6e83263881b559d7fc
2014-04-21 18:19:21,582 DEBUG S3 Server: GET Object e4b/68b5db2dc0f6e83263881b559d7fc
2014-04-21 18:19:21,585 DEBUG S3 Server: GET Object e4b/68b5db2dc0f6e83263881b559d7fc
2014-04-21 18:19:21,590 DEBUG S3 Server: GET Object e4b/68b5db2dc0f6e83263881b559d7fc
2014-04-21 18:19:21,594 DEBUG S3 Server: GET Object e4b/68b5db2dc0f6e83263881b559d7fc
2014-04-21 18:19:21,596 DEBUG S3 Server: GET Object e4b/68b5db2dc0f6e83263881b559d7fc
2014-04-21 18:19:21,598 DEBUG S3 Server: GET Object e4b/68b5db2dc0f6e83263881b559d7fc
2014-04-21 18:19:21,601 DEBUG S3 Server: GET Object a24/89fd4a36d30c58c1877a396a19a3c
2014-04-21 18:19:59,868 DEBUG S3 Server: GET Object e4b/68b5db2dc0f6e83263881b559d7fc
2014-04-21 18:19:59,871 DEBUG S3 Server: GET Object e4b/68b5db2dc0f6e83263881b559d7fc
2014-04-21 18:19:59,875 DEBUG S3 Server: GET Object e4b/68b5db2dc0f6e83263881b559d7fc
2014-04-21 18:19:59,878 DEBUG S3 Server: GET Object e4b/68b5db2dc0f6e83263881b559d7fc
2014-04-21 18:19:59,892 DEBUG S3 Server: GET Object e4b/68b5db2dc0f6e83263881b559d7fc
2014-04-21 18:19:59,894 DEBUG S3 Server: GET Object e4b/68b5db2dc0f6e83263881b559d7fc
2014-04-21 18:19:59,899 DEBUG S3 Server: GET Object e4b/68b5db2dc0f6e83263881b559d7fc
2014-04-21 18:19:59,902 DEBUG S3 Server: GET Object e4b/68b5db2dc0f6e83263881b559d7fc
2014-04-21 18:19:59,913 DEBUG S3 Server: GET Object e4b/68b5db2dc0f6e83263881b559d7fc
2014-04-21 18:19:59,915 DEBUG S3 Server: GET Object e4b/68b5db2dc0f6e83263881b559d7fc
2014-04-21 18:19:59,917 DEBUG S3 Server: GET Object e4b/68b5db2dc0f6e83263881b559d7fc
2014-04-21 18:19:59,920 DEBUG S3 Server: GET Object e4b/68b5db2dc0f6e83263881b559d7fc
2014-04-21 18:19:59,962 DEBUG S3 Server: GET Object e4b/68b5db2dc0f6e83263881b559d7fc
2014-04-21 18:19:59,965 DEBUG S3 Server: GET Object e4b/68b5db2dc0f6e83263881b559d7fc
2014-04-21 18:19:59,966 DEBUG S3 Server: GET Object e4b/68b5db2dc0f6e83263881b559d7fc
2014-04-21 18:19:59,969 DEBUG S3 Server: GET Object e4b/68b5db2dc0f6e83263881b559d7fc
2014-04-21 18:20:00,105 DEBUG S3 Server: GET Object e4b/68b5db2dc0f6e83263881b559d7fc
2014-04-21 18:20:00,107 DEBUG S3 Server: GET Object e4b/68b5db2dc0f6e83263881b559d7fc
2014-04-21 18:20:00,109 DEBUG S3 Server: GET Object e4b/68b5db2dc0f6e83263881b559d7fc
2014-04-21 18:20:00,113 DEBUG S3 Server: GET Object e4b/68b5db2dc0f6e83263881b559d7fc
